<?xml version="1.0" encoding="UTF-8" ?>
<testsuite errors="0" failures="2" hostname="vostro-3560" name="pl.com.sbg.PolishFestsHelperTest" skipped="0" tests="2" time="0.08" timestamp="2014-08-19T10:06:36">
  <properties>
    <property name="libs.jsp-compiler.javadoc" value="" />
    <property name="netbeans.autoupdate.country" value="PL" />
    <property name="nb.wait.for.caches" value="true" />
    <property name="javac.test.classpath" value="libs/joda-time-2.4.jar:build/classes:/home/aaugustyniak/.netbeans/8.0/modules/ext/junit-4.10.jar" />
    <property name="libs.jsf20.maven-pom" value="" />
    <property name="libs.DataBindingME.src" value="/usr/share/netbeans/mobility/sources/netbeans_databindingme-src.zip" />
    <property name="libs.junit.javadoc" value="/home/aaugustyniak/.netbeans/8.0/docs/junit-3.8.2-api.zip" />
    <property name="libs.spring-webmvc4.0.src" value="" />
    <property name="ant.core.lib" value="/usr/share/netbeans/extide/ant/lib/ant.jar" />
    <property name="ant.file.type.PolishFests-impl" value="file" />
    <property name="javadoc.windowtitle" value="" />
    <property name="libs.jsp-compilation.javadoc" value="" />
    <property name="user.dir" value="/mnt/DATA/PROJECTS/OPEN_PROJECTS/PolishFests" />
    <property name="libs.javaee-api-7.0.src" value="" />
    <property name="java.vm.version" value="24.65-b04" />
    <property name="libs.DataBindingME.classpath" value="/usr/share/netbeans/mobility/modules/ext/netbeans_databindingme.jar" />
    <property name="libs.j2me_common_ant.src" value="" />
    <property name="libs.MySQLDriver.classpath" value="/usr/share/netbeans/ide/modules/ext/mysql-connector-java-5.1.23-bin.jar" />
    <property name="libs.eclipselinkmodelgen.src" value="" />
    <property name="javadoc.notree" value="false" />
    <property name="netbeans.autoupdate.version" value="1.23" />
    <property name="netbeans.running.environment" value="kde" />
    <property name="libs.javaee-web-api-6.0.classpath" value="/usr/share/netbeans/enterprise/modules/ext/javaee-web-api-6.0.jar" />
    <property name="libs.DataBindingME-PIM.maven-pom" value="" />
    <property name="javac.profile.cmd.line.arg" value="" />
    <property name="jdk.home" value="/usr/lib/jvm/java-7-openjdk" />
    <property name="libs.javac-api.src" value="" />
    <property name="javadoc.noindex" value="false" />
    <property name="libs.jpa2-persistence.classpath" value="/usr/share/netbeans/java/modules/ext/hibernate4/hibernate-jpa-2.0-api-1.0.1.Final.jar" />
    <property name="sun.os.patch.level" value="unknown" />
    <property name="ant.file.type.PolishFests" value="file" />
    <property name="java.vm.specification.name" value="Java Virtual Machine Specification" />
    <property name="nb.show.statistics.ui" value="usageStatisticsEnabled" />
    <property name="netbeans.autoupdate.variant" value="" />
    <property name="have.tests" value="true" />
    <property name="org.xml.sax.driver" value="com.sun.org.apache.xerces.internal.jaxp.SAXParserImpl$JAXPSAXParser" />
    <property name="libs.javac-api.javadoc" value="" />
    <property name="os.name" value="Linux" />
    <property name="libs.beans-binding.classpath" value="/usr/share/netbeans/java/modules/ext/beansbinding-1.2.1.jar" />
    <property name="libs.javaee-endorsed-api-7.0.maven-pom" value="" />
    <property name="ap.proc.none.internal" value="" />
    <property name="libs.DataBindingME-SVG.javadoc" value="/usr/share/netbeans/mobility/modules/docs/netbeans_databindingme_svg-api.zip" />
    <property name="libs.restapi.javadoc" value="" />
    <property name="libs.JWSAntTasks.maven-pom" value="" />
    <property name="libs.jstl.classpath" value="/usr/share/netbeans/enterprise/modules/ext/jstl-impl.jar:/usr/share/netbeans/enterprise/modules/ext/jstl-api.jar" />
    <property name="libs.testng.src" value="" />
    <property name="libs.spring-webmvc3.0.src" value="" />
    <property name="libs.restapi.classpath" value="/usr/share/netbeans/enterprise/modules/ext/jaxrs-2.0/javax.ws.rs-api-2.0.jar" />
    <property name="java.vendor.url.bug" value="http://bugreport.sun.com/bugreport/" />
    <property name="libs.jaxb.maven-pom" value="" />
    <property name="os.arch" value="amd64" />
    <property name="libs.eclipselink.src" value="" />
    <property name="user.name" value="aaugustyniak" />
    <property name="libs.jsf12.javadoc" value="/usr/share/netbeans/enterprise/docs/javaee-doc-api.jar" />
    <property name="copylibs.rebase" value="true" />
    <property name="libs.j2me_common_ant.maven-pom" value="" />
    <property name="libs.spring-webmvc3.0.maven-pom" value="" />
    <property name="libs.swing-layout.maven-pom" value="" />
    <property name="sun.java.command" value="org.apache.tools.ant.taskdefs.optional.junit.JUnitTestRunner pl.com.sbg.PolishFestsHelperTest filtertrace=true haltOnError=false haltOnFailure=false showoutput=true outputtoformatters=true logfailedtests=true logtestlistenerevents=true formatter=org.apache.tools.ant.taskdefs.optional.junit.BriefJUnitResultFormatter formatter=org.apache.tools.ant.taskdefs.optional.junit.XMLJUnitResultFormatter,/mnt/DATA/PROJECTS/OPEN_PROJECTS/PolishFests/build/test/results/TEST-pl.com.sbg.PolishFestsHelperTest.xml crashfile=/mnt/DATA/PROJECTS/OPEN_PROJECTS/PolishFests/build/junitvmwatcher4176700693871664197.properties propsfile=/mnt/DATA/PROJECTS/OPEN_PROJECTS/PolishFests/build/junit2643772373138385366.properties" />
    <property name="build.classes.dir" value="build/classes" />
    <property name="netbeans.accept_license_class" value="org.netbeans.license.AcceptLicense" />
    <property name="build.sysclasspath" value="ignore" />
    <property name="ap.supported.internal" value="true" />
    <property name="libs.javaee-endorsed-api-7.0.javadoc" value="/usr/share/netbeans/enterprise/docs/javaee-doc-api.jar" />
    <property name="libs.jaxws21.javadoc" value="/usr/share/netbeans/java/docs/jaxws-api-doc.zip" />
    <property name="libs.spring-webmvc4.0.javadoc" value="" />
    <property name="includes" value="**" />
    <property name="user.country" value="PL" />
    <property name="javadoc.encoding" value="UTF-8" />
    <property name="javac.classpath" value="libs/joda-time-2.4.jar" />
    <property name="libs.jsp-compilation-syscp.src" value="" />
    <property name="libs.spring-framework400.classpath" value="/usr/share/netbeans/ide/modules/org-apache-commons-logging.jar:/usr/share/netbeans/java/modules/ext/cglib-2.2.jar:/usr/share/netbeans/java/modules/ext/spring-4/spring-aop-4.0.1.RELEASE.jar:/usr/share/netbeans/java/modules/ext/spring-4/spring-aspects-4.0.1.RELEASE.jar:/usr/share/netbeans/java/modules/ext/spring-4/spring-beans-4.0.1.RELEASE.jar:/usr/share/netbeans/java/modules/ext/spring-4/spring-build-src-4.0.1.RELEASE.jar:/usr/share/netbeans/java/modules/ext/spring-4/spring-context-4.0.1.RELEASE.jar:/usr/share/netbeans/java/modules/ext/spring-4/spring-context-support-4.0.1.RELEASE.jar:/usr/share/netbeans/java/modules/ext/spring-4/spring-core-4.0.1.RELEASE.jar:/usr/share/netbeans/java/modules/ext/spring-4/spring-expression-4.0.1.RELEASE.jar:/usr/share/netbeans/java/modules/ext/spring-4/spring-framework-bom-4.0.1.RELEASE.jar:/usr/share/netbeans/java/modules/ext/spring-4/spring-instrument-4.0.1.RELEASE.jar:/usr/share/netbeans/java/modules/ext/spring-4/spring-instrument-tomcat-4.0.1.RELEASE.jar:/usr/share/netbeans/java/modules/ext/spring-4/spring-jdbc-4.0.1.RELEASE.jar:/usr/share/netbeans/java/modules/ext/spring-4/spring-jms-4.0.1.RELEASE.jar:/usr/share/netbeans/java/modules/ext/spring-4/spring-messaging-4.0.1.RELEASE.jar:/usr/share/netbeans/java/modules/ext/spring-4/spring-orm-4.0.1.RELEASE.jar:/usr/share/netbeans/java/modules/ext/spring-4/spring-oxm-4.0.1.RELEASE.jar:/usr/share/netbeans/java/modules/ext/spring-4/spring-test-4.0.1.RELEASE.jar:/usr/share/netbeans/java/modules/ext/spring-4/spring-tx-4.0.1.RELEASE.jar:/usr/share/netbeans/java/modules/ext/spring-4/spring-web-4.0.1.RELEASE.jar:/usr/share/netbeans/java/modules/ext/spring-4/spring-webmvc-4.0.1.RELEASE.jar:/usr/share/netbeans/java/modules/ext/spring-4/spring-webmvc-portlet-4.0.1.RELEASE.jar:/usr/share/netbeans/java/modules/ext/spring-4/spring-websocket-4.0.1.RELEASE.jar" />
    <property name="debug-transport" value="dt_socket" />
    <property name="netbeans.home" value="/usr/share/netbeans/platform" />
    <property name="build.compiler.emacs" value="true" />
    <property name="libs.javaee-web-api-6.0.src" value="" />
    <property name="libs.jsp-compilation-syscp.classpath" value="/usr/share/netbeans/extide/ant/lib/ant.jar:/usr/share/netbeans/enterprise/modules/ext/servlet3.1-jsp2.3-api.jar:/usr/share/netbeans/enterprise/modules/ext/glassfish-jspparser-4.0.jar:/usr/share/netbeans/enterprise/modules/ext/jstl-impl.jar:/usr/share/netbeans/enterprise/modules/ext/jsf-2_2/javax.faces.jar" />
    <property name="java.endorsed.dirs" value="/usr/lib/jvm/java-7-openjdk/jre/lib/endorsed" />
    <property name="libs.groovy-all.src" value="" />
    <property name="netbeans.dynamic.classpath" value="/usr/share/netbeans/platform/core/org-openide-filesystems.jar:/usr/share/netbeans/platform/core/core.jar:/usr/share/netbeans/platform/core/locale/org-openide-filesystems_ru.jar:/usr/share/netbeans/platform/core/locale/org-openide-filesystems_pt_BR.jar:/usr/share/netbeans/platform/core/locale/core_zh_CN.jar:/usr/share/netbeans/platform/core/locale/core_ja.jar:/usr/share/netbeans/platform/core/locale/core_ru.jar:/usr/share/netbeans/platform/core/locale/org-openide-filesystems_ja.jar:/usr/share/netbeans/platform/core/locale/org-openide-filesystems_zh_CN.jar:/usr/share/netbeans/platform/core/locale/core_pt_BR.jar:/usr/share/netbeans/nb/core/org-netbeans-upgrader.jar:/usr/share/netbeans/nb/core/locale/org-netbeans-upgrader_ja.jar:/usr/share/netbeans/nb/core/locale/core_nb_pt_BR.jar:/usr/share/netbeans/nb/core/locale/org-netbeans-upgrader_ru.jar:/usr/share/netbeans/nb/core/locale/core_nb_ru.jar:/usr/share/netbeans/nb/core/locale/core_nb_zh_CN.jar:/usr/share/netbeans/nb/core/locale/org-netbeans-upgrader_zh_CN.jar:/usr/share/netbeans/nb/core/locale/core_nb_ja.jar:/usr/share/netbeans/nb/core/locale/core_nb.jar:/usr/share/netbeans/nb/core/locale/org-netbeans-upgrader_pt_BR.jar" />
    <property name="java.vm.specification.version" value="1.7" />
    <property name="libs.hibernate4-support.src" value="" />
    <property name="libs.primefaces.classpath" value="/usr/share/netbeans/enterprise/modules/ext/primefaces/primefaces-4.0.jar" />
    <property name="libs.javaee-api-6.0.classpath" value="/usr/share/netbeans/enterprise/modules/ext/javaee-api-6.0.jar" />
    <property name="libs.groovy-all.maven-pom" value="" />
    <property name="netbeans.productversion" value="NetBeans IDE 8.0 (Build 201403022200)" />
    <property name="ant.file.PolishFests-impl" value="/mnt/DATA/PROJECTS/OPEN_PROJECTS/PolishFests/nbproject/build-impl.xml" />
    <property name="libs.jaxws21.src" value="" />
    <property name="application.title" value="PolishFests" />
    <property name="do.archive" value="true" />
    <property name="netbeans.autoupdate.language" value="pl" />
    <property name="java.vendor" value="Oracle Corporation" />
    <property name="libs.javaee-api-6.0.javadoc" value="/usr/share/netbeans/enterprise/docs/javaee-doc-api.jar" />
    <property name="sun.font.fontmanager" value="sun.awt.X11FontManager" />
    <property name="jar.index.metainf" value="false" />
    <property name="javac.debug" value="true" />
    <property name="javadoc.splitindex" value="true" />
    <property name="file.separator" value="/" />
    <property name="libs.junit_4.maven-pom" value="" />
    <property name="mkdist.disabled" value="false" />
    <property name="javac.test.processorpath" value="libs/joda-time-2.4.jar:build/classes:/home/aaugustyniak/.netbeans/8.0/modules/ext/junit-4.10.jar" />
    <property name="netbeans.buildnumber" value="201403022200" />
    <property name="libs.JWSAntTasks.javadoc" value="" />
    <property name="build.generated.sources.dir" value="build/generated-sources" />
    <property name="libs.eclipselinkmodelgen.classpath" value="/usr/share/netbeans/java/modules/ext/eclipselink/org.eclipse.persistence.jpa.modelgen_2.5.1.v20130918-f2b9fc5.jar" />
    <property name="libs.javaee-endorsed-api-7.0.src" value="" />
    <property name="sun.java.launcher" value="SUN_STANDARD" />
    <property name="libs.junit.classpath" value="/home/aaugustyniak/.netbeans/8.0/modules/ext/junit-3.8.2.jar" />
    <property name="libs.hibernate4-persistencemodelgen.javadoc" value="" />
    <property name="libs.jaxb.javadoc" value="/usr/share/netbeans/ide/docs/jaxb-api-doc.zip" />
    <property name="libs.struts.classpath" value="/usr/share/netbeans/enterprise/modules/ext/struts/antlr-2.7.2.jar:/usr/share/netbeans/enterprise/modules/ext/struts/bsf-2.3.0.jar:/usr/share/netbeans/enterprise/modules/ext/struts/commons-beanutils-1.8.0.jar:/usr/share/netbeans/enterprise/modules/ext/struts/commons-chain-1.2.jar:/usr/share/netbeans/enterprise/modules/ext/struts/commons-digester-1.8.jar:/usr/share/netbeans/enterprise/modules/ext/struts/commons-fileupload-1.1.1.jar:/usr/share/netbeans/enterprise/modules/ext/struts/commons-io-1.1.jar:/usr/share/netbeans/enterprise/modules/ext/struts/commons-logging-1.0.4.jar:/usr/share/netbeans/enterprise/modules/ext/struts/commons-validator-1.3.1.jar:/usr/share/netbeans/enterprise/modules/ext/struts/jstl-1.0.2.jar:/usr/share/netbeans/enterprise/modules/ext/struts/oro-2.0.8.jar:/usr/share/netbeans/enterprise/modules/ext/struts/standard-1.0.6.jar:/usr/share/netbeans/enterprise/modules/ext/struts/struts-core-1.3.10.jar:/usr/share/netbeans/enterprise/modules/ext/struts/struts-el-1.3.10.jar:/usr/share/netbeans/enterprise/modules/ext/struts/struts-extras-1.3.10.jar:/usr/share/netbeans/enterprise/modules/ext/struts/struts-faces-1.3.10.jar:/usr/share/netbeans/enterprise/modules/ext/struts/struts-mailreader-dao-1.3.10.jar:/usr/share/netbeans/enterprise/modules/ext/struts/struts-scripting-1.3.10.jar:/usr/share/netbeans/enterprise/modules/ext/struts/struts-taglib-1.3.10.jar:/usr/share/netbeans/enterprise/modules/ext/struts/struts-tiles-1.3.10.jar" />
    <property name="ant.home" value="/usr/share/netbeans/extide/ant" />
    <property name="libs.junit_4.src" value="/home/aaugustyniak/.netbeans/8.0/docs/junit-4.10-sources.jar" />
    <property name="ant.file.PolishFests" value="/mnt/DATA/PROJECTS/OPEN_PROJECTS/PolishFests/build.xml" />
    <property name="libs.testng.classpath" value="/usr/share/netbeans/platform/modules/ext/testng-6.8.1-dist.jar" />
    <property name="libs.absolutelayout.maven-pom" value="" />
    <property name="ant.java.version" value="1.7" />
    <property name="java.library.path" value="/usr/lib/jvm/java-7-openjdk/jre/lib/amd64:/usr/lib/jvm/java-7-openjdk/jre/lib/i386::/usr/java/packages/lib/amd64:/usr/lib64:/lib64:/lib:/usr/lib" />
    <property name="javadoc.author" value="false" />
    <property name="libs.metro.maven-pom" value="" />
    <property name="java.util.logging.config.class" value="org.netbeans.core.startup.TopLogging" />
    <property name="libs.spring-framework400.src" value="" />
    <property name="libs.PostgreSQLDriver.src" value="" />
    <property name="sun.arch.data.model" value="64" />
    <property name="basedir" value="/mnt/DATA/PROJECTS/OPEN_PROJECTS/PolishFests" />
    <property name="libs.jpa20-persistence.maven-pom" value="" />
    <property name="jar.compress" value="false" />
    <property name="libs.javaee-web-api-7.0.classpath" value="/usr/share/netbeans/enterprise/modules/ext/javaee-web-api-7.0.jar" />
    <property name="path.separator" value=":" />
    <property name="libs.javaee-web-api-6.0.javadoc" value="/usr/share/netbeans/enterprise/docs/javaee-doc-api.jar" />
    <property name="ant.junit.enabletestlistenerevents" value="true" />
    <property name="sun.io.unicode.encoding" value="UnicodeLittle" />
    <property name="libs.jaxws21.classpath" value="/usr/share/netbeans/ide/modules/ext/jaxb/jaxb-impl.jar:/usr/share/netbeans/ide/modules/ext/jaxb/jaxb-xjc.jar:/usr/share/netbeans/java/modules/ext/jaxws22/FastInfoset.jar:/usr/share/netbeans/java/modules/ext/jaxws22/gmbal-api-only.jar:/usr/share/netbeans/java/modules/ext/jaxws22/ha-api.jar:/usr/share/netbeans/java/modules/ext/jaxws22/javax.mail_1.4.jar:/usr/share/netbeans/java/modules/ext/jaxws22/jaxws-rt.jar:/usr/share/netbeans/java/modules/ext/jaxws22/jaxws-tools.jar:/usr/share/netbeans/java/modules/ext/jaxws22/management-api.jar:/usr/share/netbeans/java/modules/ext/jaxws22/mimepull.jar:/usr/share/netbeans/java/modules/ext/jaxws22/policy.jar:/usr/share/netbeans/java/modules/ext/jaxws22/saaj-impl.jar:/usr/share/netbeans/java/modules/ext/jaxws22/stax-ex.jar:/usr/share/netbeans/java/modules/ext/jaxws22/stax2-api.jar:/usr/share/netbeans/java/modules/ext/jaxws22/streambuffer.jar:/usr/share/netbeans/java/modules/ext/jaxws22/woodstox-core-asl.jar:/usr/share/netbeans/java/modules/ext/jaxws22/api/jaxws-api.jar:/usr/share/netbeans/java/modules/ext/jaxws22/api/jsr181-api.jar:/usr/share/netbeans/java/modules/ext/jaxws22/api/javax.annotation.jar:/usr/share/netbeans/java/modules/ext/jaxws22/api/saaj-api.jar:/usr/share/netbeans/ide/modules/ext/jaxb/activation.jar:/usr/share/netbeans/ide/modules/ext/jaxb/api/jaxb-api.jar:/usr/share/netbeans/ide/modules/ext/jaxb/api/jsr173_1.0_api.jar" />
    <property name="libs.struts.src" value="" />
    <property name="compile.on.save" value="true" />
    <property name="apple.awt.graphics.UseQuartz" value="true" />
    <property name="user.language" value="pl" />
    <property name="testng.mode" value="testng" />
    <property name="libs.JAXB-ENDORSED.maven-pom" value="" />
    <property name="libs.eclipselink.maven-pom" value="" />
    <property name="application.vendor" value="aaugustyniak" />
    <property name="test.binaryincludes" value="&lt;nothing&gt;" />
    <property name="libs.primefaces.javadoc" value="" />
    <property name="libs.spring-framework300.maven-pom" value="" />
    <property name="run.test.classpath" value="libs/joda-time-2.4.jar:build/classes:/home/aaugustyniak/.netbeans/8.0/modules/ext/junit-4.10.jar:build/test/classes" />
    <property name="ant.project.invoked-targets" value="test" />
    <property name="test.binaryexcludes" value="" />
    <property name="libs.swing-layout.javadoc" value="/usr/share/netbeans/platform/docs/swing-layout-1.0.4-doc.zip" />
    <property name="sun.java2d.dpiaware" value="true" />
    <property name="libs.hibernate4-persistence.maven-pom" value="" />
    <property name="libs.DataBindingME-SVG.classpath" value="/usr/share/netbeans/mobility/modules/ext/netbeans_databindingme_svg.jar" />
    <property name="https.nonProxyHosts" value="localhost|127.0.0.1|vostro-3560" />
    <property name="libs.PostgreSQLDriver.maven-pom" value="" />
    <property name="java.class.version" value="51.0" />
    <property name="libs.hibernate4-persistencemodelgen.maven-pom" value="" />
    <property name="libs.javaee-endorsed-api-6.0.src" value="" />
    <property name="libs.eclipselink.javadoc" value="" />
    <property name="libs.jsp-compilation.maven-pom" value="" />
    <property name="user.properties.file" value="/home/aaugustyniak/.netbeans/8.0/build.properties" />
    <property name="runtime.encoding" value="UTF-8" />
    <property name="libs.javac-api.maven-pom" value="" />
    <property name="file.encoding.pkg" value="sun.io" />
    <property name="sun.cpu.endian" value="little" />
    <property name="libs.JAXB-ENDORSED.javadoc" value="" />
    <property name="libs.JWSAntTasks.classpath" value="/usr/share/netbeans/java/ant/extra/org-netbeans-modules-javawebstart-anttasks.jar" />
    <property name="libs.spring-webmvc4.0.maven-pom" value="" />
    <property name="libs.spring-framework300.src" value="" />
    <property name="libs.jstl.src" value="" />
    <property name="empty.dir" value="/mnt/DATA/PROJECTS/OPEN_PROJECTS/PolishFests/build/empty" />
    <property name="version-output" value="java version &quot;1.7" />
    <property name="test.binarytestincludes" value="" />
    <property name="libs.hibernate4-persistencemodelgen.src" value="" />
    <property name="javadoc.preview" value="true" />
    <property name="libs.jpa20-persistence.javadoc" value="" />
    <property name="java.home" value="/usr/lib/jvm/java-7-openjdk/jre" />
    <property name="libs.jsp-compilation.src" value="" />
    <property name="debug.test.classpath" value="libs/joda-time-2.4.jar:build/classes:/home/aaugustyniak/.netbeans/8.0/modules/ext/junit-4.10.jar:build/test/classes" />
    <property name="libs.javaee-endorsed-api-6.0.classpath" value="/usr/share/netbeans/enterprise/modules/ext/javaee6-endorsed/javax.annotation.jar:/usr/share/netbeans/enterprise/modules/ext/javaee6-endorsed/jaxb-api-osgi.jar:/usr/share/netbeans/enterprise/modules/ext/javaee6-endorsed/webservices-api-osgi.jar" />
    <property name="libs.javaee-api-6.0.src" value="" />
    <property name="netbeans.importclass" value="org.netbeans.upgrade.AutoUpgrade" />
    <property name="ant.project.default-target" value="default" />
    <property name="annotation.processing.run.all.processors" value="true" />
    <property name="libs.DataBindingME.maven-pom" value="" />
    <property name="libs.PostgreSQLDriver.javadoc" value="" />
    <property name="libs.restlib.classpath" value="/usr/share/netbeans/enterprise/modules/ext/jersey2/ext/asm-all-repackaged-2.1.88.jar:/usr/share/netbeans/enterprise/modules/ext/jersey2/ext/cglib-2.1.88.jar:/usr/share/netbeans/enterprise/modules/ext/jersey2/ext/guava-14.0.1.jar:/usr/share/netbeans/enterprise/modules/ext/jersey2/ext/hk2-api-2.1.88.jar:/usr/share/netbeans/enterprise/modules/ext/jersey2/ext/hk2-locator-2.1.88.jar:/usr/share/netbeans/enterprise/modules/ext/jersey2/ext/hk2-utils-2.1.88.jar:/usr/share/netbeans/enterprise/modules/ext/jersey2/ext/javax.annotation-api-1.2.jar:/usr/share/netbeans/enterprise/modules/ext/jersey2/ext/javax.inject-2.1.88.jar:/usr/share/netbeans/enterprise/modules/ext/jersey2/ext/javax.servlet-api-3.1.0.jar:/usr/share/netbeans/enterprise/modules/ext/jersey2/ext/jaxb-api-2.2.7.jar:/usr/share/netbeans/enterprise/modules/ext/jersey2/ext/org.osgi.core-4.2.0.jar:/usr/share/netbeans/enterprise/modules/ext/jersey2/ext/osgi-resource-locator-1.0.1.jar:/usr/share/netbeans/enterprise/modules/ext/jersey2/ext/persistence-api-1.0.jar:/usr/share/netbeans/enterprise/modules/ext/jersey2/ext/validation-api-1.1.0.jar:/usr/share/netbeans/enterprise/modules/ext/jersey2/jersey-client.jar:/usr/share/netbeans/enterprise/modules/ext/jersey2/jersey-common.jar:/usr/share/netbeans/enterprise/modules/ext/jersey2/jersey-container-servlet.jar:/usr/share/netbeans/enterprise/modules/ext/jersey2/jersey-container-servlet-core.jar:/usr/share/netbeans/enterprise/modules/ext/jersey2/jersey-server.jar:/usr/share/netbeans/enterprise/modules/ext/jersey2/extensions/jackson-core-asl-1.9.11.jar:/usr/share/netbeans/enterprise/modules/ext/jersey2/extensions/jackson-jaxrs-1.9.11.jar:/usr/share/netbeans/enterprise/modules/ext/jersey2/extensions/jackson-mapper-asl-1.9.11.jar:/usr/share/netbeans/enterprise/modules/ext/jersey2/extensions/jackson-xc-1.9.11.jar:/usr/share/netbeans/enterprise/modules/ext/jersey2/extensions/jersey-media-json-jackson-2.0.jar:/usr/share/netbeans/enterprise/modules/ext/jersey2/extensions/jersey-media-json-jettison-2.0.jar:/usr/share/netbeans/enterprise/modules/ext/jersey2/extensions/jettison-1.3.3.jar" />
    <property name="libs.MySQLDriver.maven-pom" value="" />
    <property name="libs.hibernate4-persistence.javadoc" value="" />
    <property name="http.nonProxyHosts" value="localhost|127.0.0.1|vostro-3560" />
    <property name="libs.junit_4.javadoc" value="/home/aaugustyniak/.netbeans/8.0/docs/junit-4.10-javadoc.jar" />
    <property name="libs.javaee-web-api-6.0.maven-pom" value="" />
    <property name="run.classpath" value="libs/joda-time-2.4.jar:build/classes" />
    <property name="jna.boot.library.name" value="jnidispatch-340" />
    <property name="libs.javaee-endorsed-api-6.0.javadoc" value="/usr/share/netbeans/enterprise/docs/javaee-doc-api.jar" />
    <property name="libs.javaee-api-7.0.classpath" value="/usr/share/netbeans/enterprise/modules/ext/javaee-api-7.0.jar" />
    <property name="sun.awt.datatransfer.timeout" value="1000" />
    <property name="libs.spring-webmvc3.0.javadoc" value="" />
    <property name="libs.jpa2-persistence.maven-pom" value="" />
    <property name="annotation.processing.enabled.in.editor" value="false" />
    <property name="libs.hibernate4-support.classpath" value="/usr/share/netbeans/java/modules/ext/hibernate4/antlr-2.7.7.jar:/usr/share/netbeans/java/modules/ext/hibernate4/c3p0-0.9.2.1.jar:/usr/share/netbeans/java/modules/ext/hibernate4/hibernate-c3p0-4.2.6.Final.jar:/usr/share/netbeans/java/modules/ext/hibernate4/dom4j-1.6.1.jar:/usr/share/netbeans/java/modules/ext/hibernate4/ehcache-core-2.4.3.jar:/usr/share/netbeans/java/modules/ext/hibernate4/hibernate-ehcache-4.2.6.Final.jar:/usr/share/netbeans/java/modules/ext/hibernate4/hibernate-core-4.2.6.Final.jar:/usr/share/netbeans/java/modules/ext/hibernate4/jboss-logging-3.1.0.GA.jar:/usr/share/netbeans/java/modules/ext/hibernate4/hibernate-commons-annotations-4.0.2.Final.jar:/usr/share/netbeans/java/modules/ext/hibernate4/hibernate-entitymanager-4.2.6.Final.jar:/usr/share/netbeans/java/modules/ext/hibernate4/javassist-3.15.0-GA.jar:/usr/share/netbeans/java/modules/ext/hibernate4/jboss-transaction-api_1.1_spec-1.0.1.Final.jar:/usr/share/netbeans/java/modules/ext/hibernate4/slf4j-api-1.6.1.jar:/usr/share/netbeans/java/modules/ext/hibernate4/slf4j-simple-1.6.1.jar" />
    <property name="nb.native.filechooser" value="false" />
    <property name="libs.restapi.src" value="" />
    <property name="sun.management.compiler" value="HotSpot 64-Bit Tiered Compilers" />
    <property name="libs.j2me_common_ant.javadoc" value="" />
    <property name="javac.deprecation" value="false" />
    <property name="javadoc.use" value="true" />
    <property name="sun.java2d.noddraw" value="true" />
    <property name="libs.jsp-compiler.classpath" value="/usr/share/netbeans/enterprise/ant/extra/jspcompile.jar" />
    <property name="javac.processorpath" value="libs/joda-time-2.4.jar" />
    <property name="javac.compilerargs" value="" />
    <property name="ant.file" value="/mnt/DATA/PROJECTS/OPEN_PROJECTS/PolishFests/build.xml" />
    <property name="libs.beans-binding.maven-pom" value="" />
    <property name="libs.hibernate4-support.javadoc" value="" />
    <property name="libs.jsf12.classpath" value="/usr/share/netbeans/enterprise/modules/ext/jsf-1_2/commons-beanutils.jar:/usr/share/netbeans/enterprise/modules/ext/jsf-1_2/commons-collections.jar:/usr/share/netbeans/enterprise/modules/ext/jsf-1_2/commons-digester.jar:/usr/share/netbeans/enterprise/modules/ext/jsf-1_2/commons-logging.jar:/usr/share/netbeans/enterprise/modules/ext/jsf-1_2/jsf-api.jar:/usr/share/netbeans/enterprise/modules/ext/jsf-1_2/jsf-impl.jar" />
    <property name="libs.jstl.maven-pom" value="" />
    <property name="libs.restapi.maven-pom" value="" />
    <property name="libs.beans-binding.src" value="" />
    <property name="java.vm.specification.vendor" value="Oracle Corporation" />
    <property name="libs.DataBindingME-PIM.javadoc" value="/usr/share/netbeans/mobility/modules/docs/netbeans_databindingme_pim-api.zip" />
    <property name="libs.swing-layout.src" value="/usr/share/netbeans/platform/docs/swing-layout-1.0.4-src.zip" />
    <property name="org.openide.major.version" value="IDE/1" />
    <property name="java.vm.name" value="OpenJDK 64-Bit Server VM" />
    <property name="netbeans.user" value="/home/aaugustyniak/.netbeans/8.0" />
    <property name="javadoc.additionalparam" value="" />
    <property name="java.io.tmpdir" value="/tmp" />
    <property name="java.vendor.url" value="http://java.oracle.com/" />
    <property name="endorsed.classpath.cmd.line.arg" value="" />
    <property name="junit.available" value="true" />
    <property name="libs.jsp-compiler.src" value="" />
    <property name="sun.boot.library.path" value="/usr/lib/jvm/java-7-openjdk/jre/lib/amd64" />
    <property name="have.sources" value="true" />
    <property name="debug.classpath" value="libs/joda-time-2.4.jar:build/classes" />
    <property name="javadoc.private" value="false" />
    <property name="test.src.dir" value="test" />
    <property name="libs.jsf20.classpath" value="/usr/share/netbeans/enterprise/modules/ext/jsf-2_2/javax.faces.jar" />
    <property name="ap.processors.internal" value="" />
    <property name="meta.inf.dir" value="src/META-INF" />
    <property name="javadoc.encoding.used" value="UTF-8" />
    <property name="libs.DataBindingME-SVG.src" value="/usr/share/netbeans/mobility/sources/netbeans_databindingme_svg-src.zip" />
    <property name="dist.jar" value="dist/PolishFests.jar" />
    <property name="libs.spring-framework400.maven-pom" value="" />
    <property name="netbeans.automatic.build" value="true" />
    <property name="java.runtime.name" value="OpenJDK Runtime Environment" />
    <property name="ant.project.name" value="PolishFests" />
    <property name="netbeans.hash.code" value="unique=089b53542-bf90-4089-a859-7c58b0aa96a7_37b606af-363c-42fd-8adc-36caff1319a9" />
    <property name="netbeans.default_userdir_root" value="/home/aaugustyniak/.netbeans" />
    <property name="libs.jsp-compilation-syscp.maven-pom" value="" />
    <property name="sun.cpu.isalist" value="" />
    <property name="libs.spring-framework400.javadoc" value="" />
    <property name="libs.CopyLibs.javadoc" value="" />
    <property name="org.openide.specification.version" value="6.2" />
    <property name="libs.DataBindingME-PIM.classpath" value="/usr/share/netbeans/mobility/modules/ext/netbeans_databindingme_pim.jar" />
    <property name="user.home" value="/home/aaugustyniak" />
    <property name="annotation.processing.processors.list" value="" />
    <property name="libs.primefaces.maven-pom" value="" />
    <property name="debug-args-line" value="-Xdebug" />
    <property name="libs.javaee-api-6.0.maven-pom" value="" />
    <property name="libs.JWSAntTasks.src" value="" />
    <property name="jar.index" value="false" />
    <property name="libs.CopyLibs.maven-pom" value="" />
    <property name="libs.spring-framework300.javadoc" value="" />
    <property name="libs.absolutelayout.javadoc" value="" />
    <property name="java.specification.name" value="Java Platform API Specification" />
    <property name="java.specification.vendor" value="Oracle Corporation" />
    <property name="libs.javac-api.classpath" value="/usr/share/netbeans/java/modules/ext/nb-javac-api.jar" />
    <property name="java.version" value="1.7.0_65" />
    <property name="run.jvmargs.ide" value="" />
    <property name="javadoc.version" value="false" />
    <property name="libs.MySQLDriver.javadoc" value="" />
    <property name="org.openide.version" value="deprecated" />
    <property name="platform.java" value="/usr/lib/jvm/java-7-openjdk/jre/bin/java" />
    <property name="source.encoding" value="UTF-8" />
    <property name="ap.cmd.line.internal" value="" />
    <property name="libs.eclipselinkmodelgen.maven-pom" value="" />
    <property name="libs.jsp-compilation-syscp.javadoc" value="" />
    <property name="libs.junit.maven-pom" value="" />
    <property name="libs.eclipselinkmodelgen.javadoc" value="" />
    <property name="libs.javaee-endorsed-api-7.0.classpath" value="/usr/share/netbeans/enterprise/modules/ext/javaee7-endorsed/javax.annotation-api.jar:/usr/share/netbeans/enterprise/modules/ext/javaee7-endorsed/javax.xml.soap-api.jar:/usr/share/netbeans/enterprise/modules/ext/javaee7-endorsed/jaxb-api-osgi.jar:/usr/share/netbeans/enterprise/modules/ext/javaee7-endorsed/jaxws-api.jar:/usr/share/netbeans/enterprise/modules/ext/javaee7-endorsed/jsr181-api.jar" />
    <property name="libs.metro.javadoc" value="/usr/share/netbeans/enterprise/docs/metro-1.4-doc.zip" />
    <property name="libs.struts.maven-pom" value="" />
    <property name="netbeans.home+have.tests" value="true" />
    <property name="annotation.processing.processor.options" value="" />
    <property name="libs.testng.maven-pom" value="" />
    <property name="libs.jaxb.src" value="" />
    <property name="work.dir" value="/mnt/DATA/PROJECTS/OPEN_PROJECTS/PolishFests" />
    <property name="libs.jaxb.classpath" value="/usr/share/netbeans/ide/modules/ext/jaxb/jaxb-impl.jar:/usr/share/netbeans/ide/modules/ext/jaxb/jaxb-xjc.jar:/usr/share/netbeans/ide/modules/ext/jaxb/jaxb1-impl.jar:/usr/share/netbeans/ide/modules/ext/jaxb/activation.jar:/usr/share/netbeans/ide/modules/ext/jaxb/api/jaxb-api.jar:/usr/share/netbeans/ide/modules/ext/jaxb/api/jsr173_1.0_api.jar" />
    <property name="do.depend" value="false" />
    <property name="dist.javadoc.dir" value="dist/javadoc" />
    <property name="libs.j2me_common_ant.classpath" value="/usr/share/netbeans/mobility/modules/org-netbeans-modules-j2me-common-ant.jar:/usr/share/netbeans/java/modules/org-netbeans-modules-classfile.jar" />
    <property name="libs.spring-webmvc3.0.classpath" value="/usr/share/netbeans/java/modules/ext/spring-3.0/spring-webmvc-3.2.7.RELEASE.jar" />
    <property name="libs.swing-layout.classpath" value="/usr/share/netbeans/platform/modules/ext/swing-layout-1.0.4.jar" />
    <property name="libs.javaee-web-api-7.0.maven-pom" value="" />
    <property name="libs.restlib.src" value="" />
    <property name="javac.source" value="1.7" />
    <property name="build.generated.dir" value="build/generated" />
    <property name="line.separator" value="&#xa;" />
    <property name="java.specification.version" value="1.7" />
    <property name="java.vm.info" value="mixed mode" />
    <property name="libs.jaxws21.maven-pom" value="" />
    <property name="nb.junit.batch" value="true" />
    <property name="junit.forkmode" value="perTest" />
    <property name="sun.boot.class.path" value="/usr/lib/jvm/java-7-openjdk/jre/lib/resources.jar:/usr/lib/jvm/java-7-openjdk/jre/lib/rt.jar:/usr/lib/jvm/java-7-openjdk/jre/lib/sunrsasign.jar:/usr/lib/jvm/java-7-openjdk/jre/lib/jsse.jar:/usr/lib/jvm/java-7-openjdk/jre/lib/jce.jar:/usr/lib/jvm/java-7-openjdk/jre/lib/charsets.jar:/usr/lib/jvm/java-7-openjdk/jre/lib/rhino.jar:/usr/lib/jvm/java-7-openjdk/jre/lib/jfr.jar:/usr/lib/jvm/java-7-openjdk/jre/classes" />
    <property name="javac.target" value="1.7" />
    <property name="built-jar.properties" value="/mnt/DATA/PROJECTS/OPEN_PROJECTS/PolishFests/build/built-jar.properties" />
    <property name="build.test.classes.dir" value="build/test/classes" />
    <property name="src.dir" value="src" />
    <property name="libs.jpa2-persistence.src" value="" />
    <property name="annotation.processing.enabled" value="true" />
    <property name="libs.jsf20.src" value="" />
    <property name="libs.jpa20-persistence.src" value="" />
    <property name="libs.jsf12.src" value="" />
    <property name="libs.DataBindingME-SVG.maven-pom" value="" />
    <property name="libs.struts.javadoc" value="/usr/share/netbeans/enterprise/docs/struts-1.3.10-javadoc.zip" />
    <property name="ignore.failing.tests" value="true" />
    <property name="libs.javaee-web-api-7.0.src" value="" />
    <property name="libs.primefaces.src" value="" />
    <property name="dist.dir" value="dist" />
    <property name="libs.groovy-all.javadoc" value="" />
    <property name="testng.debug.mode" value="" />
    <property name="libs.groovy-all.classpath" value="/usr/share/netbeans/groovy/modules/ext/groovy-all.jar" />
    <property name="javac.fork" value="false" />
    <property name="java.awt.printerjob" value="sun.print.PSPrinterJob" />
    <property name="default.javac.source" value="1.7" />
    <property name="debug-transport-by-os" value="dt_socket" />
    <property name="sun.jnu.encoding" value="UTF-8" />
    <property name="libs.MySQLDriver.src" value="" />
    <property name="java.runtime.version" value="1.7.0_65-b32" />
    <property name="build.test.results.dir" value="build/test/results" />
    <property name="jna.platform.library.path" value="/usr/lib64:/lib64:/usr/lib:/lib" />
    <property name="default.javac.target" value="1.7" />
    <property name="libs.junit_4.classpath" value="/home/aaugustyniak/.netbeans/8.0/modules/ext/junit-4.10.jar" />
    <property name="user.timezone" value="" />
    <property name="nb.junit.single" value="false" />
    <property name="do.jar" value="true" />
    <property name="libs.javaee-endorsed-api-6.0.maven-pom" value="" />
    <property name="netbeans.dirs" value="/usr/share/netbeans/nb:/usr/share/netbeans/ergonomics:/usr/share/netbeans/ide:/usr/share/netbeans/extide:/usr/share/netbeans/java:/usr/share/netbeans/apisupport:/usr/share/netbeans/webcommon:/usr/share/netbeans/websvccommon:/usr/share/netbeans/enterprise:/usr/share/netbeans/mobility:/usr/share/netbeans/profiler:/usr/share/netbeans/python:/usr/share/netbeans/php:/usr/share/netbeans/identity:/usr/share/netbeans/harness:/usr/share/netbeans/cnd:/usr/share/netbeans/dlight:/usr/share/netbeans/groovy:/usr/share/netbeans/extra:/usr/share/netbeans/javacard:/usr/share/netbeans/javafx:" />
    <property name="libs.jsf20.javadoc" value="/usr/share/netbeans/enterprise/docs/javaee-doc-api.jar" />
    <property name="libs.jstl.javadoc" value="/usr/share/netbeans/enterprise/docs/javaee-doc-api.jar" />
    <property name="java.ext.dirs" value="/usr/lib/jvm/java-7-openjdk/jre/lib/ext:/usr/java/packages/lib/ext" />
    <property name="libs.metro.src" value="" />
    <property name="endorsed.classpath" value="" />
    <property name="libs.absolutelayout.classpath" value="/usr/share/netbeans/java/modules/ext/AbsoluteLayout.jar" />
    <property name="excludes" value="" />
    <property name="libs.metro.classpath" value="/usr/share/netbeans/ide/modules/ext/jaxb/activation.jar:/usr/share/netbeans/enterprise/modules/ext/metro/webservices-api.jar:/usr/share/netbeans/enterprise/modules/ext/metro/webservices-extra-api.jar:/usr/share/netbeans/enterprise/modules/ext/metro/webservices-extra.jar:/usr/share/netbeans/enterprise/modules/ext/metro/webservices-rt.jar:/usr/share/netbeans/enterprise/modules/ext/metro/webservices-tools.jar" />
    <property name="libs.restlib.maven-pom" value="" />
    <property name="libs.jpa2-persistence.javadoc" value="" />
    <property name="libs.DataBindingME.javadoc" value="/usr/share/netbeans/mobility/modules/docs/netbeans_databindingme-api.zip" />
    <property name="apple.laf.useScreenMenuBar" value="true" />
    <property name="java.class.path" value="/mnt/DATA/PROJECTS/OPEN_PROJECTS/PolishFests/libs/joda-time-2.4.jar:/mnt/DATA/PROJECTS/OPEN_PROJECTS/PolishFests/build/classes:/home/aaugustyniak/.netbeans/8.0/modules/ext/junit-4.10.jar:/mnt/DATA/PROJECTS/OPEN_PROJECTS/PolishFests/build/test/classes:/usr/share/netbeans/extide/ant/lib/ant-launcher.jar:/usr/share/netbeans/extide/ant/lib/ant.jar:/usr/share/netbeans/extide/ant/lib/ant-junit.jar:/usr/share/netbeans/extide/ant/lib/ant-junit4.jar" />
    <property name="do.mkdist" value="true" />
    <property name="libs.absolutelayout.src" value="" />
    <property name="libs.jpa20-persistence.classpath" value="/usr/share/netbeans/java/modules/ext/eclipselink/javax.persistence_2.1.0.v201304241213.jar" />
    <property name="os.version" value="3.16.1-1-ARCH" />
    <property name="application.args" value="" />
    <property name="libs.javaee-api-7.0.maven-pom" value="" />
    <property name="sun.awt.enableExtraMouseButtons" value="true" />
    <property name="libs.hibernate4-persistence.src" value="" />
    <property name="libs.hibernate4-support.maven-pom" value="" />
    <property name="libs.restlib.javadoc" value="" />
    <property name="nb.internal.action.name" value="test" />
    <property name="libs.JAXB-ENDORSED.classpath" value="/usr/share/netbeans/ide/modules/ext/jaxb/api/jaxb-api.jar" />
    <property name="libs.javaee-api-7.0.javadoc" value="/usr/share/netbeans/enterprise/docs/javaee-doc-api.jar" />
    <property name="libs.eclipselink.classpath" value="/usr/share/netbeans/java/modules/ext/eclipselink/eclipselink.jar:/usr/share/netbeans/java/modules/ext/eclipselink/javax.persistence_2.1.0.v201304241213.jar:/usr/share/netbeans/java/modules/ext/eclipselink/org.eclipse.persistence.jpa.jpql_2.5.1.v20130918-f2b9fc5.jar" />
    <property name="java.awt.graphicsenv" value="sun.awt.X11GraphicsEnvironment" />
    <property name="libs.beans-binding.javadoc" value="/usr/share/netbeans/java/docs/beansbinding-1.2.1-doc.zip" />
    <property name="java.vm.vendor" value="Oracle Corporation" />
    <property name="libs.CopyLibs.classpath" value="/home/aaugustyniak/.netbeans/8.0/ant/extra/org-netbeans-modules-java-j2seproject-copylibstask.jar" />
    <property name="libs.spring-framework300.classpath" value="/usr/share/netbeans/ide/modules/org-apache-commons-logging.jar:/usr/share/netbeans/java/modules/ext/cglib-2.2.jar:/usr/share/netbeans/java/modules/ext/spring-3.0/spring-aop-3.2.7.RELEASE.jar:/usr/share/netbeans/java/modules/ext/spring-3.0/spring-aspects-3.2.7.RELEASE.jar:/usr/share/netbeans/java/modules/ext/spring-3.0/spring-beans-3.2.7.RELEASE.jar:/usr/share/netbeans/java/modules/ext/spring-3.0/spring-build-src-3.2.7.RELEASE.jar:/usr/share/netbeans/java/modules/ext/spring-3.0/spring-context-3.2.7.RELEASE.jar:/usr/share/netbeans/java/modules/ext/spring-3.0/spring-context-support-3.2.7.RELEASE.jar:/usr/share/netbeans/java/modules/ext/spring-3.0/spring-core-3.2.7.RELEASE.jar:/usr/share/netbeans/java/modules/ext/spring-3.0/spring-expression-3.2.7.RELEASE.jar:/usr/share/netbeans/java/modules/ext/spring-3.0/spring-framework-bom-3.2.7.RELEASE.jar:/usr/share/netbeans/java/modules/ext/spring-3.0/spring-instrument-3.2.7.RELEASE.jar:/usr/share/netbeans/java/modules/ext/spring-3.0/spring-instrument-tomcat-3.2.7.RELEASE.jar:/usr/share/netbeans/java/modules/ext/spring-3.0/spring-jdbc-3.2.7.RELEASE.jar:/usr/share/netbeans/java/modules/ext/spring-3.0/spring-jms-3.2.7.RELEASE.jar:/usr/share/netbeans/java/modules/ext/spring-3.0/spring-orm-3.2.7.RELEASE.jar:/usr/share/netbeans/java/modules/ext/spring-3.0/spring-oxm-3.2.7.RELEASE.jar:/usr/share/netbeans/java/modules/ext/spring-3.0/spring-struts-3.2.7.RELEASE.jar:/usr/share/netbeans/java/modules/ext/spring-3.0/spring-test-3.2.7.RELEASE.jar:/usr/share/netbeans/java/modules/ext/spring-3.0/spring-tx-3.2.7.RELEASE.jar:/usr/share/netbeans/java/modules/ext/spring-3.0/spring-web-3.2.7.RELEASE.jar:/usr/share/netbeans/java/modules/ext/spring-3.0/spring-webmvc-3.2.7.RELEASE.jar:/usr/share/netbeans/java/modules/ext/spring-3.0/spring-webmvc-portlet-3.2.7.RELEASE.jar" />
    <property name="libs.jsp-compiler.maven-pom" value="" />
    <property name="run.jvmargs" value="" />
    <property name="libs.hibernate4-persistence.classpath" value="/usr/share/netbeans/java/modules/ext/hibernate4/antlr-2.7.7.jar:/usr/share/netbeans/java/modules/ext/hibernate4/c3p0-0.9.2.1.jar:/usr/share/netbeans/java/modules/ext/hibernate4/hibernate-c3p0-4.2.6.Final.jar:/usr/share/netbeans/java/modules/ext/hibernate4/dom4j-1.6.1.jar:/usr/share/netbeans/java/modules/ext/hibernate4/ehcache-core-2.4.3.jar:/usr/share/netbeans/java/modules/ext/hibernate4/hibernate-ehcache-4.2.6.Final.jar:/usr/share/netbeans/java/modules/ext/hibernate4/hibernate-core-4.2.6.Final.jar:/usr/share/netbeans/java/modules/ext/hibernate4/jboss-logging-3.1.0.GA.jar:/usr/share/netbeans/java/modules/ext/hibernate4/hibernate-commons-annotations-4.0.2.Final.jar:/usr/share/netbeans/java/modules/ext/hibernate4/hibernate-entitymanager-4.2.6.Final.jar:/usr/share/netbeans/java/modules/ext/hibernate4/javassist-3.15.0-GA.jar:/usr/share/netbeans/java/modules/ext/hibernate4/jboss-transaction-api_1.1_spec-1.0.1.Final.jar:/usr/share/netbeans/java/modules/ext/hibernate4/slf4j-api-1.6.1.jar:/usr/share/netbeans/java/modules/ext/hibernate4/slf4j-simple-1.6.1.jar:/usr/share/netbeans/java/modules/ext/hibernate4/hibernate-jpa-2.0-api-1.0.1.Final.jar" />
    <property name="dist.archive.excludes" value="" />
    <property name="libs.JAXB-ENDORSED.src" value="" />
    <property name="libs.DataBindingME-PIM.src" value="/usr/share/netbeans/mobility/sources/netbeans_databindingme_pim-src.zip" />
    <property name="libs.testng.javadoc" value="/usr/share/netbeans/platform/docs/testng-6.8.1-javadoc.zip" />
    <property name="libs.PostgreSQLDriver.classpath" value="/usr/share/netbeans/ide/modules/ext/postgresql-9.2-1002.jdbc4.jar" />
    <property name="libs.jsf12.maven-pom" value="" />
    <property name="libs.hibernate4-persistencemodelgen.classpath" value="/usr/share/netbeans/java/modules/ext/hibernate4/hibernate-jpamodelgen-1.3.0.Final.jar" />
    <property name="libs.junit.src" value="" />
    <property name="annotation.processing.source.output" value="build/generated-sources/ap-source-output" />
    <property name="libs.CopyLibs.src" value="" />
    <property name="build.dir" value="build" />
    <property name="libs.jsp-compilation.classpath" value="/usr/share/netbeans/extide/ant/lib/ant.jar:/usr/share/netbeans/enterprise/modules/ext/servlet3.1-jsp2.3-api.jar:/usr/share/netbeans/enterprise/modules/ext/glassfish-jspparser-4.0.jar:/usr/share/netbeans/enterprise/modules/ext/jsf-2_2/javax.faces.jar:/usr/share/netbeans/enterprise/modules/ext/jstl-api.jar:/usr/share/netbeans/extide/ant/lib/ant-launcher.jar" />
    <property name="ant.version" value="Apache Ant(TM) version 1.9.2 compiled on July 8 2013" />
    <property name="file.reference.joda-time-2.4.jar" value="libs/joda-time-2.4.jar" />
    <property name="file.encoding" value="UTF-8" />
    <property name="build.classes.excludes" value="**/*.java,**/*.form" />
    <property name="javadoc.nonavbar" value="false" />
    <property name="jdkBug6558476" value="false" />
    <property name="libs.spring-webmvc4.0.classpath" value="/usr/share/netbeans/java/modules/ext/spring-4/spring-webmvc-4.0.1.RELEASE.jar" />
    <property name="platform.active" value="default_platform" />
    <property name="awt.toolkit" value="sun.awt.X11.XToolkit" />
    <property name="libs.javaee-web-api-7.0.javadoc" value="/usr/share/netbeans/enterprise/docs/javaee-doc-api.jar" />
  </properties>
  <testcase classname="pl.com.sbg.PolishFestsHelperTest" name="testLeapYearIndicator" time="0.008">
    <failure type="junit.framework.AssertionFailedError">junit.framework.AssertionFailedError
	at pl.com.sbg.PolishFestsHelperTest.testLeapYearIndicator(PolishFestsHelperTest.java:42)
</failure>
  </testcase>
  <testcase classname="pl.com.sbg.PolishFestsHelperTest" name="testNonLeapYearIndicator" time="0.002">
    <failure type="junit.framework.AssertionFailedError">junit.framework.AssertionFailedError
	at pl.com.sbg.PolishFestsHelperTest.testNonLeapYearIndicator(PolishFestsHelperTest.java:50)
</failure>
  </testcase>
  <system-out><![CDATA[]]></system-out>
  <system-err><![CDATA[]]></system-err>
</testsuite>
